[0.022s] Invoking command in '/home/eyusd/ML/LanguagePolicies/ros2/build/policy_translation': CMAKE_PREFIX_PATH=${CMAKE_PREFIX_PATH}:/opt/ros/eloquent CONDA_PROMPT_MODIFIER=(ML) /usr/bin/cmake --build /home/eyusd/ML/LanguagePolicies/ros2/build/policy_translation -- -j8 -l8
[0.056s] -- Found ament_cmake: 0.8.3 (/home/eyusd/ML/ros2-linux/share/ament_cmake/cmake)
[0.081s] -- Found PythonInterp: /home/eyusd/anaconda3/envs/ML/bin/python3 (found suitable version "3.6.13", minimum required is "3") 
[0.081s] -- Using PYTHON_EXECUTABLE: /home/eyusd/anaconda3/envs/ML/bin/python3
[0.265s] -- Found rosidl_default_generators: 0.8.0 (/home/eyusd/ML/ros2-linux/share/rosidl_default_generators/cmake)
[0.280s] -- Found RTI Connext: /opt/rti.com/rti_connext_dds-5.3.1
[0.927s] -- Found rosidl_adapter: 0.8.3 (/home/eyusd/ML/ros2-linux/share/rosidl_adapter/cmake)
[14.506s] -- Found PrismTech OpenSplice: /usr/share/opensplice/cmake
[14.530s] -- Found sensor_msgs: 0.8.1 (/home/eyusd/ML/ros2-linux/share/sensor_msgs/cmake)
[14.581s] -- Found PythonInterp: /home/eyusd/anaconda3/envs/ML/bin/python3 (found version "3.6.13") 
[14.837s] -- Using all available rosidl_typesupport_c: rosidl_typesupport_connext_c;rosidl_typesupport_fastrtps_c;rosidl_typesupport_introspection_c;rosidl_typesupport_opensplice_c
[14.895s] -- Using all available rosidl_typesupport_cpp: rosidl_typesupport_connext_cpp;rosidl_typesupport_fastrtps_cpp;rosidl_typesupport_introspection_cpp;rosidl_typesupport_opensplice_cpp
[27.882s] -- Found rmw_implementation_cmake: 0.8.1 (/home/eyusd/ML/ros2-linux/share/rmw_implementation_cmake/cmake)
[27.902s] -- Found PythonInterp: /home/eyusd/anaconda3/envs/ML/bin/python3 (found suitable version "3.6.13", minimum required is "3.5") 
[27.903s] -- Found python_cmake_module: 0.8.0 (/home/eyusd/ML/ros2-linux/share/python_cmake_module/cmake)
[27.925s] -- Using PYTHON_EXECUTABLE: /home/eyusd/anaconda3/envs/ML/bin/python3
[27.925s] -- Using PYTHON_INCLUDE_DIRS: /home/eyusd/anaconda3/envs/ML/include/python3.6m
[27.925s] -- Using PYTHON_LIBRARIES: /home/eyusd/anaconda3/envs/ML/lib/libpython3.6m.so
[45.849s] -- Found ament_lint_auto: 0.8.2 (/home/eyusd/ML/ros2-linux/share/ament_lint_auto/cmake)
[45.859s] -- Added test 'lint_cmake' to check CMake code style
[45.859s] -- Added test 'xmllint' to check XML markup files
[45.863s] -- Configuring done
[46.132s] -- Generating done
[46.141s] -- Build files have been written to: /home/eyusd/ML/LanguagePolicies/ros2/build/policy_translation
[46.178s] [ 36%] Built target policy_translation__dds_connext_idl
[46.181s] [ 36%] Built target policy_translation__cpp
[46.181s] [ 36%] Built target policy_translation__dds_opensplice_idl
[46.183s] [ 36%] Built target policy_translation__rosidl_generator_c
[46.196s] [ 36%] [34m[1mGenerating C introspection for ROS interfaces[0m
[46.200s] [ 36%] [34m[1mGenerating C++ type support for PrismTech OpenSplice[0m
[46.219s] [ 36%] Built target policy_translation__rosidl_typesupport_cpp
[46.222s] [ 36%] Built target policy_translation__rosidl_typesupport_introspection_cpp
[46.222s] [ 36%] Built target policy_translation__rosidl_typesupport_c
[46.225s] [ 36%] Built target policy_translation__rosidl_typesupport_fastrtps_cpp
[46.239s] [ 36%] [34m[1mGenerating C type support for eProsima Fast-RTPS[0m
[46.269s] [ 36%] Built target policy_translation__rosidl_typesupport_connext_cpp
[46.289s] [ 36%] [34m[1mGenerating C type support for RTI Connext[0m
[46.799s] [35m[1mScanning dependencies of target policy_translation__rosidl_typesupport_introspection_c[0m
[46.824s] [ 36%] [32mBuilding C object CMakeFiles/policy_translation__rosidl_typesupport_introspection_c.dir/rosidl_typesupport_introspection_c/policy_translation/srv/tune_network__type_support.c.o[0m
[46.825s] [ 36%] [32mBuilding C object CMakeFiles/policy_translation__rosidl_typesupport_introspection_c.dir/rosidl_typesupport_introspection_c/policy_translation/srv/network_pt__type_support.c.o[0m
[46.826s] [ 36%] [32mBuilding C object CMakeFiles/policy_translation__rosidl_typesupport_introspection_c.dir/rosidl_typesupport_introspection_c/policy_translation/msg/dummy__type_support.c.o[0m
[46.863s] [35m[1mScanning dependencies of target policy_translation__rosidl_typesupport_fastrtps_c[0m
[46.871s] "NetworkPT_.idl", line 5: can't find include file sensor_msgs/msg/dds_opensplice/Image_.idl
[46.871s] ***DDS parse error sensor_msgs undefined at line: 18 (searching from scope 'NetworkPT_Request_')
[46.871s] Traceback (most recent call last):
[46.872s]   File "/opt/ros/eloquent/lib/rosidl_typesupport_opensplice_cpp/rosidl_typesupport_opensplice_cpp", line 55, in <module>
[46.872s]     sys.exit(main())
[46.873s]   File "/opt/ros/eloquent/lib/rosidl_typesupport_opensplice_cpp/rosidl_typesupport_opensplice_cpp", line 50, in main
[46.873s]     args.idl_pp,
[46.873s]   File "/opt/ros/eloquent/lib/python3.6/site-packages/rosidl_typesupport_opensplice_cpp/__init__.py", line 74, in generate_dds_opensplice_cpp
[46.873s]     subprocess.check_call(cmd, cwd=folder)
[46.873s]   File "/home/eyusd/anaconda3/envs/ML/lib/python3.6/subprocess.py", line 311, in check_call
[46.873s]     raise CalledProcessError(retcode, cmd)
[46.873s] subprocess.CalledProcessError: Command '['/usr/bin/idlpp', '-I', '/home/eyusd/ML/LanguagePolicies/ros2/build/policy_translation/rosidl_generator_dds_idl', '-I', '/home/eyusd/ML/ros2-linux/share', '-I', '/usr/etc/opensplice/idlpp', '-S', '-l', 'cpp', '-N', '-d', '/home/eyusd/ML/LanguagePolicies/ros2/build/policy_translation/rosidl_typesupport_opensplice_cpp/policy_translation/srv/dds_opensplice', '-o', 'maintain-include-namespace', 'NetworkPT_.idl']' returned non-zero exit status 255.
[46.880s] [ 36%] [32m[1mLinking C shared library libpolicy_translation__rosidl_typesupport_introspection_c.so[0m
[46.891s] [ 36%] [32mBuilding CXX object CMakeFiles/policy_translation__rosidl_typesupport_fastrtps_c.dir/rosidl_typesupport_fastrtps_c/policy_translation/msg/dummy__type_support_c.cpp.o[0m
[46.893s] make[2]: *** [rosidl_typesupport_opensplice_cpp/policy_translation/srv/dds_opensplice/network_pt__type_support.cpp] Error 1
[46.894s] make[2]: *** Deleting file 'rosidl_typesupport_opensplice_cpp/policy_translation/srv/dds_opensplice/network_pt__type_support.cpp'
[46.894s] CMakeFiles/policy_translation__rosidl_typesupport_opensplice_cpp.dir/build.make:163: recipe for target 'rosidl_typesupport_opensplice_cpp/policy_translation/srv/dds_opensplice/network_pt__type_support.cpp' failed
[46.894s] [ 36%] [32mBuilding CXX object CMakeFiles/policy_translation__rosidl_typesupport_fastrtps_c.dir/rosidl_typesupport_fastrtps_c/policy_translation/srv/tune_network__type_support_c.cpp.o[0m
[46.895s] CMakeFiles/Makefile2:863: recipe for target 'CMakeFiles/policy_translation__rosidl_typesupport_opensplice_cpp.dir/all' failed
[46.895s] [ 36%] [32mBuilding CXX object CMakeFiles/policy_translation__rosidl_typesupport_fastrtps_c.dir/rosidl_typesupport_fastrtps_c/policy_translation/srv/network_pt__type_support_c.cpp.o[0m
[46.895s] make[1]: *** [CMakeFiles/policy_translation__rosidl_typesupport_opensplice_cpp.dir/all] Error 2
[46.895s] make[1]: *** Waiting for unfinished jobs....
[46.964s] [35m[1mScanning dependencies of target policy_translation__rosidl_typesupport_connext_c[0m
[47.141s] [ 36%] [32mBuilding CXX object CMakeFiles/policy_translation__rosidl_typesupport_connext_c.dir/rosidl_typesupport_connext_c/policy_translation/srv/dds_connext/tune_network__type_support_c.cpp.o[0m
[47.141s] [ 36%] [32mBuilding CXX object CMakeFiles/policy_translation__rosidl_typesupport_connext_c.dir/rosidl_typesupport_connext_c/policy_translation/msg/dds_connext/dummy__type_support_c.cpp.o[0m
[47.142s] [ 36%] [32mBuilding CXX object CMakeFiles/policy_translation__rosidl_typesupport_connext_c.dir/rosidl_typesupport_connext_c/policy_translation/srv/dds_connext/network_pt__type_support_c.cpp.o[0m
[47.145s] [ 36%] [32mBuilding CXX object CMakeFiles/policy_translation__rosidl_typesupport_connext_c.dir/rosidl_typesupport_connext_cpp/policy_translation/srv/dds_connext/NetworkPT_.cxx.o[0m
[47.370s] [ 36%] [32mBuilding CXX object CMakeFiles/policy_translation__rosidl_typesupport_connext_c.dir/rosidl_typesupport_connext_cpp/policy_translation/srv/dds_connext/NetworkPT_Plugin.cxx.o[0m
[47.388s] [ 36%] [32mBuilding CXX object CMakeFiles/policy_translation__rosidl_typesupport_connext_c.dir/rosidl_typesupport_connext_cpp/policy_translation/srv/dds_connext/NetworkPT_Support.cxx.o[0m
[47.402s] [ 36%] [32m[1mLinking CXX shared library libpolicy_translation__rosidl_typesupport_fastrtps_c.so[0m
[47.555s] [ 36%] Built target policy_translation__rosidl_typesupport_introspection_c
[47.573s] [ 36%] [32mBuilding CXX object CMakeFiles/policy_translation__rosidl_typesupport_connext_c.dir/rosidl_typesupport_connext_cpp/policy_translation/srv/dds_connext/TuneNetwork_.cxx.o[0m
[47.812s] [ 36%] [32mBuilding CXX object CMakeFiles/policy_translation__rosidl_typesupport_connext_c.dir/rosidl_typesupport_connext_cpp/policy_translation/srv/dds_connext/TuneNetwork_Plugin.cxx.o[0m
[48.149s] [ 36%] [32mBuilding CXX object CMakeFiles/policy_translation__rosidl_typesupport_connext_c.dir/rosidl_typesupport_connext_cpp/policy_translation/srv/dds_connext/TuneNetwork_Support.cxx.o[0m
[48.343s] [ 36%] [32mBuilding CXX object CMakeFiles/policy_translation__rosidl_typesupport_connext_c.dir/rosidl_typesupport_connext_cpp/policy_translation/msg/dds_connext/Dummy_.cxx.o[0m
[48.497s] [ 36%] Built target policy_translation__rosidl_typesupport_fastrtps_c
[48.499s] [ 36%] [32mBuilding CXX object CMakeFiles/policy_translation__rosidl_typesupport_connext_c.dir/rosidl_typesupport_connext_cpp/policy_translation/msg/dds_connext/Dummy_Plugin.cxx.o[0m
[48.526s] [ 36%] [32mBuilding CXX object CMakeFiles/policy_translation__rosidl_typesupport_connext_c.dir/rosidl_typesupport_connext_cpp/policy_translation/msg/dds_connext/Dummy_Support.cxx.o[0m
[49.147s] [ 36%] [32m[1mLinking CXX shared library libpolicy_translation__rosidl_typesupport_connext_c.so[0m
[50.105s] [ 36%] Built target policy_translation__rosidl_typesupport_connext_c
[50.106s] Makefile:140: recipe for target 'all' failed
[50.106s] make: *** [all] Error 2
[50.109s] Invoked command in '/home/eyusd/ML/LanguagePolicies/ros2/build/policy_translation' returned '2': CMAKE_PREFIX_PATH=${CMAKE_PREFIX_PATH}:/opt/ros/eloquent CONDA_PROMPT_MODIFIER=(ML) /usr/bin/cmake --build /home/eyusd/ML/LanguagePolicies/ros2/build/policy_translation -- -j8 -l8
