Traceback (most recent call last):
  File "/home/eyusd/ML/ros2-linux/lib/rosidl_typesupport_introspection_c/rosidl_typesupport_introspection_c", line 6, in <module>
    from rosidl_typesupport_introspection_c import generate_c
ModuleNotFoundError: No module named 'rosidl_typesupport_introspection_c'
make[2]: *** [rosidl_typesupport_introspection_c/policy_translation/srv/network_pt__rosidl_typesupport_introspection_c.h] Error 1
make[1]: *** [CMakeFiles/policy_translation__rosidl_typesupport_introspection_c.dir/all] Error 2
make[1]: *** Waiting for unfinished jobs....
Traceback (most recent call last):
  File "/opt/ros/eloquent/lib/rosidl_typesupport_opensplice_cpp/rosidl_typesupport_opensplice_cpp", line 7, in <module>
    from rosidl_cmake import read_generator_arguments
ModuleNotFoundError: No module named 'rosidl_cmake'
make[2]: *** [rosidl_typesupport_opensplice_cpp/policy_translation/srv/dds_opensplice/network_pt__type_support.cpp] Error 1
make[1]: *** [CMakeFiles/policy_translation__rosidl_typesupport_opensplice_cpp.dir/all] Error 2
Traceback (most recent call last):
  File "/home/eyusd/ML/ros2-linux/lib/rosidl_typesupport_fastrtps_c/rosidl_typesupport_fastrtps_c", line 7, in <module>
    from rosidl_typesupport_fastrtps_c import generate_typesupport_fastrtps_c
ModuleNotFoundError: No module named 'rosidl_typesupport_fastrtps_c'
make[2]: *** [rosidl_typesupport_fastrtps_c/policy_translation/srv/network_pt__rosidl_typesupport_fastrtps_c.h] Error 1
make[1]: *** [CMakeFiles/policy_translation__rosidl_typesupport_fastrtps_c.dir/all] Error 2
make: *** [all] Error 2
