[0.014s] Invoking command in '/home/eyusd/ML/LanguagePolicies/ros2/build/policy_translation': /usr/bin/cmake --build /home/eyusd/ML/LanguagePolicies/ros2/build/policy_translation -- -j8 -l8
[0.073s] [  1%] Built target policy_translation__dds_connext_idl
[0.074s] [  2%] Built target policy_translation__cpp
[0.074s] [  5%] Built target policy_translation__rosidl_generator_c
[0.082s] [  6%] Built target policy_translation__dds_opensplice_idl
[0.088s] [  7%] [34m[1mGenerating C introspection for ROS interfaces[0m
[0.095s] [  7%] [34m[1mGenerating C++ type support for PrismTech OpenSplice[0m
[0.104s] [ 11%] Built target policy_translation__rosidl_typesupport_introspection_cpp
[0.105s] [ 17%] Built target policy_translation__rosidl_typesupport_c
[0.105s] [ 19%] Built target policy_translation__rosidl_typesupport_cpp
[0.111s] [ 23%] Built target policy_translation__rosidl_typesupport_fastrtps_cpp
[0.119s] Traceback (most recent call last):
[0.119s]   File "/home/eyusd/ML/ros2-linux/lib/rosidl_typesupport_introspection_c/rosidl_typesupport_introspection_c", line 6, in <module>
[0.119s]     from rosidl_typesupport_introspection_c import generate_c
[0.119s] ModuleNotFoundError: No module named 'rosidl_typesupport_introspection_c'
[0.122s] CMakeFiles/policy_translation__rosidl_typesupport_introspection_c.dir/build.make:160: recipe for target 'rosidl_typesupport_introspection_c/policy_translation/srv/network_pt__rosidl_typesupport_introspection_c.h' failed
[0.122s] make[2]: *** [rosidl_typesupport_introspection_c/policy_translation/srv/network_pt__rosidl_typesupport_introspection_c.h] Error 1
[0.122s] make[1]: *** [CMakeFiles/policy_translation__rosidl_typesupport_introspection_c.dir/all] Error 2
[0.122s] make[1]: *** Waiting for unfinished jobs....
[0.122s] CMakeFiles/Makefile2:825: recipe for target 'CMakeFiles/policy_translation__rosidl_typesupport_introspection_c.dir/all' failed
[0.122s] [ 24%] [34m[1mGenerating C type support for eProsima Fast-RTPS[0m
[0.128s] Traceback (most recent call last):
[0.128s]   File "/opt/ros/eloquent/lib/rosidl_typesupport_opensplice_cpp/rosidl_typesupport_opensplice_cpp", line 7, in <module>
[0.128s]     from rosidl_cmake import read_generator_arguments
[0.128s] ModuleNotFoundError: No module named 'rosidl_cmake'
[0.131s] CMakeFiles/policy_translation__rosidl_typesupport_opensplice_cpp.dir/build.make:163: recipe for target 'rosidl_typesupport_opensplice_cpp/policy_translation/srv/dds_opensplice/network_pt__type_support.cpp' failed
[0.132s] make[2]: *** [rosidl_typesupport_opensplice_cpp/policy_translation/srv/dds_opensplice/network_pt__type_support.cpp] Error 1
[0.132s] make[1]: *** [CMakeFiles/policy_translation__rosidl_typesupport_opensplice_cpp.dir/all] Error 2
[0.132s] CMakeFiles/Makefile2:863: recipe for target 'CMakeFiles/policy_translation__rosidl_typesupport_opensplice_cpp.dir/all' failed
[0.149s] Traceback (most recent call last):
[0.149s]   File "/home/eyusd/ML/ros2-linux/lib/rosidl_typesupport_fastrtps_c/rosidl_typesupport_fastrtps_c", line 7, in <module>
[0.150s]     from rosidl_typesupport_fastrtps_c import generate_typesupport_fastrtps_c
[0.150s] ModuleNotFoundError: No module named 'rosidl_typesupport_fastrtps_c'
[0.151s] [ 36%] Built target policy_translation__rosidl_typesupport_connext_cpp
[0.152s] CMakeFiles/policy_translation__rosidl_typesupport_fastrtps_c.dir/build.make:160: recipe for target 'rosidl_typesupport_fastrtps_c/policy_translation/srv/network_pt__rosidl_typesupport_fastrtps_c.h' failed
[0.153s] make[2]: *** [rosidl_typesupport_fastrtps_c/policy_translation/srv/network_pt__rosidl_typesupport_fastrtps_c.h] Error 1
[0.153s] make[1]: *** [CMakeFiles/policy_translation__rosidl_typesupport_fastrtps_c.dir/all] Error 2
[0.153s] CMakeFiles/Makefile2:248: recipe for target 'CMakeFiles/policy_translation__rosidl_typesupport_fastrtps_c.dir/all' failed
[0.153s] Makefile:140: recipe for target 'all' failed
[0.153s] make: *** [all] Error 2
[0.154s] Invoked command in '/home/eyusd/ML/LanguagePolicies/ros2/build/policy_translation' returned '2': /usr/bin/cmake --build /home/eyusd/ML/LanguagePolicies/ros2/build/policy_translation -- -j8 -l8
