-- The C compiler identification is GNU 7.5.0
-- The CXX compiler identification is GNU 7.5.0
-- Check for working C compiler: /usr/bin/cc
-- Check for working C compiler: /usr/bin/cc -- works
-- Detecting C compiler ABI info
-- Detecting C compiler ABI info - done
-- Detecting C compile features
-- Detecting C compile features - done
-- Check for working CXX compiler: /usr/bin/c++
-- Check for working CXX compiler: /usr/bin/c++ -- works
-- Detecting CXX compiler ABI info
-- Detecting CXX compiler ABI info - done
-- Detecting CXX compile features
-- Detecting CXX compile features - done
-- Found ament_cmake: 0.8.3 (/home/eyusd/ML/ros2-linux/share/ament_cmake/cmake)
-- Found PythonInterp: /home/eyusd/anaconda3/envs/ML/bin/python3 (found suitable version "3.6.13", minimum required is "3") 
-- Using PYTHON_EXECUTABLE: /home/eyusd/anaconda3/envs/ML/bin/python3
-- Found rosidl_default_generators: 0.8.0 (/home/eyusd/ML/ros2-linux/share/rosidl_default_generators/cmake)
-- Found RTI Connext: /opt/rti.com/rti_connext_dds-5.3.1
-- Found rosidl_adapter: 0.8.3 (/home/eyusd/ML/ros2-linux/share/rosidl_adapter/cmake)
-- Found OpenSSL: /home/eyusd/anaconda3/envs/ML/lib/libcrypto.so (found version "1.1.1n") 
-- Found FastRTPS: /home/eyusd/ML/ros2-linux/include  
-- Found PrismTech OpenSplice: /usr/share/opensplice/cmake
-- Found sensor_msgs: 0.8.1 (/home/eyusd/ML/ros2-linux/share/sensor_msgs/cmake)
-- Found PythonInterp: /home/eyusd/anaconda3/envs/ML/bin/python3 (found version "3.6.13") 
-- Using all available rosidl_typesupport_c: rosidl_typesupport_connext_c;rosidl_typesupport_fastrtps_c;rosidl_typesupport_introspection_c;rosidl_typesupport_opensplice_c
-- Using all available rosidl_typesupport_cpp: rosidl_typesupport_connext_cpp;rosidl_typesupport_fastrtps_cpp;rosidl_typesupport_introspection_cpp;rosidl_typesupport_opensplice_cpp
-- Found rmw_implementation_cmake: 0.8.1 (/home/eyusd/ML/ros2-linux/share/rmw_implementation_cmake/cmake)
-- Found PythonInterp: /home/eyusd/anaconda3/envs/ML/bin/python3 (found suitable version "3.6.13", minimum required is "3.5") 
-- Found python_cmake_module: 0.8.0 (/home/eyusd/ML/ros2-linux/share/python_cmake_module/cmake)
-- Found PythonLibs: /home/eyusd/anaconda3/envs/ML/lib/libpython3.6m.so (found suitable version "3.6.13", minimum required is "3.5") 
-- Using PYTHON_EXECUTABLE: /home/eyusd/anaconda3/envs/ML/bin/python3
-- Using PYTHON_INCLUDE_DIRS: /home/eyusd/anaconda3/envs/ML/include/python3.6m
-- Using PYTHON_LIBRARIES: /home/eyusd/anaconda3/envs/ML/lib/libpython3.6m.so
-- Found PythonExtra: .so  
-- Found ament_lint_auto: 0.8.2 (/home/eyusd/ML/ros2-linux/share/ament_lint_auto/cmake)
-- Added test 'lint_cmake' to check CMake code style
-- Added test 'xmllint' to check XML markup files
-- Configuring done
-- Generating done
-- Build files have been written to: /home/eyusd/ML/LanguagePolicies/ros2/build/policy_translation
[35m[1mScanning dependencies of target policy_translation__cpp[0m
[  1%] [34m[1mGenerating C code for ROS interfaces[0m
[35m[1mScanning dependencies of target policy_translation__dds_connext_idl[0m
[35m[1mScanning dependencies of target policy_translation__dds_opensplice_idl[0m
[  1%] [34m[1mGenerating C++ code for ROS interfaces[0m
[  2%] [34m[1mGenerating DDS interfaces[0m
[  3%] [34m[1mGenerating DDS interfaces[0m
[  3%] Built target policy_translation__dds_connext_idl
[  3%] Built target policy_translation__dds_opensplice_idl
[  3%] Built target policy_translation__cpp
[  4%] [34m[1mGenerating C++ introspection for ROS interfaces[0m
[  5%] [34m[1mGenerating C++ type support for eProsima Fast-RTPS[0m
[  6%] [34m[1mGenerating C++ type support dispatch for ROS interfaces[0m
[  7%] [34m[1mGenerating C++ type support for RTI Connext (using '/opt/rti.com/rti_connext_dds-5.3.1/bin/rtiddsgen_server')[0m
[  7%] [34m[1mGenerating C++ type support for PrismTech OpenSplice[0m
[35m[1mScanning dependencies of target policy_translation__rosidl_generator_c[0m
[  9%] [32mBuilding C object CMakeFiles/policy_translation__rosidl_generator_c.dir/rosidl_generator_c/policy_translation/srv/tune_network__functions.c.o[0m
[  9%] [32mBuilding C object CMakeFiles/policy_translation__rosidl_generator_c.dir/rosidl_generator_c/policy_translation/srv/network_pt__functions.c.o[0m
[  9%] [32mBuilding C object CMakeFiles/policy_translation__rosidl_generator_c.dir/rosidl_generator_c/policy_translation/msg/dummy__functions.c.o[0m
[ 10%] [32m[1mLinking C shared library libpolicy_translation__rosidl_generator_c.so[0m
[35m[1mScanning dependencies of target policy_translation__rosidl_typesupport_introspection_cpp[0m
[35m[1mScanning dependencies of target policy_translation__rosidl_typesupport_cpp[0m
[ 11%] [32mBuilding CXX object CMakeFiles/policy_translation__rosidl_typesupport_introspection_cpp.dir/rosidl_typesupport_introspection_cpp/policy_translation/srv/tune_network__type_support.cpp.o[0m
[ 12%] [32mBuilding CXX object CMakeFiles/policy_translation__rosidl_typesupport_introspection_cpp.dir/rosidl_typesupport_introspection_cpp/policy_translation/srv/network_pt__type_support.cpp.o[0m
[ 12%] [32mBuilding CXX object CMakeFiles/policy_translation__rosidl_typesupport_introspection_cpp.dir/rosidl_typesupport_introspection_cpp/policy_translation/msg/dummy__type_support.cpp.o[0m
[ 12%] Built target policy_translation__rosidl_generator_c
[ 13%] [32mBuilding CXX object CMakeFiles/policy_translation__rosidl_typesupport_cpp.dir/rosidl_typesupport_cpp/policy_translation/srv/network_pt__type_support.cpp.o[0m
[35m[1mScanning dependencies of target policy_translation__rosidl_typesupport_fastrtps_cpp[0m
[ 14%] [34m[1mGenerating C type support dispatch for ROS interfaces[0m
[ 15%] [32mBuilding CXX object CMakeFiles/policy_translation__rosidl_typesupport_fastrtps_cpp.dir/rosidl_typesupport_fastrtps_cpp/policy_translation/srv/dds_fastrtps/network_pt__type_support.cpp.o[0m
"NetworkPT_.idl", line 5: can't find include file sensor_msgs/msg/dds_opensplice/Image_.idl
***DDS parse error sensor_msgs undefined at line: 18 (searching from scope 'NetworkPT_Request_')
Traceback (most recent call last):
  File "/opt/ros/eloquent/lib/rosidl_typesupport_opensplice_cpp/rosidl_typesupport_opensplice_cpp", line 55, in <module>
    sys.exit(main())
  File "/opt/ros/eloquent/lib/rosidl_typesupport_opensplice_cpp/rosidl_typesupport_opensplice_cpp", line 50, in main
    args.idl_pp,
  File "/opt/ros/eloquent/lib/python3.6/site-packages/rosidl_typesupport_opensplice_cpp/__init__.py", line 74, in generate_dds_opensplice_cpp
    subprocess.check_call(cmd, cwd=folder)
  File "/home/eyusd/anaconda3/envs/ML/lib/python3.6/subprocess.py", line 311, in check_call
    raise CalledProcessError(retcode, cmd)
subprocess.CalledProcessError: Command '['/usr/bin/idlpp', '-I', '/home/eyusd/ML/LanguagePolicies/ros2/build/policy_translation/rosidl_generator_dds_idl', '-I', '/home/eyusd/ML/ros2-linux/share', '-I', '/usr/etc/opensplice/idlpp', '-S', '-l', 'cpp', '-N', '-d', '/home/eyusd/ML/LanguagePolicies/ros2/build/policy_translation/rosidl_typesupport_opensplice_cpp/policy_translation/srv/dds_opensplice', '-o', 'maintain-include-namespace', 'NetworkPT_.idl']' returned non-zero exit status 255.
CMakeFiles/policy_translation__rosidl_typesupport_opensplice_cpp.dir/build.make:163: recipe for target 'rosidl_typesupport_opensplice_cpp/policy_translation/srv/dds_opensplice/network_pt__type_support.cpp' failed
CMakeFiles/Makefile2:863: recipe for target 'CMakeFiles/policy_translation__rosidl_typesupport_opensplice_cpp.dir/all' failed
make[2]: *** [rosidl_typesupport_opensplice_cpp/policy_translation/srv/dds_opensplice/network_pt__type_support.cpp] Error 1
make[2]: *** Deleting file 'rosidl_typesupport_opensplice_cpp/policy_translation/srv/dds_opensplice/network_pt__type_support.cpp'
make[1]: *** [CMakeFiles/policy_translation__rosidl_typesupport_opensplice_cpp.dir/all] Error 2
make[1]: *** Waiting for unfinished jobs....
[ 16%] [32mBuilding CXX object CMakeFiles/policy_translation__rosidl_typesupport_cpp.dir/rosidl_typesupport_cpp/policy_translation/srv/tune_network__type_support.cpp.o[0m
[ 17%] [32mBuilding CXX object CMakeFiles/policy_translation__rosidl_typesupport_fastrtps_cpp.dir/rosidl_typesupport_fastrtps_cpp/policy_translation/srv/dds_fastrtps/tune_network__type_support.cpp.o[0m
[ 18%] [32mBuilding CXX object CMakeFiles/policy_translation__rosidl_typesupport_fastrtps_cpp.dir/rosidl_typesupport_fastrtps_cpp/policy_translation/msg/dds_fastrtps/dummy__type_support.cpp.o[0m
[ 19%] [32mBuilding CXX object CMakeFiles/policy_translation__rosidl_typesupport_cpp.dir/rosidl_typesupport_cpp/policy_translation/msg/dummy__type_support.cpp.o[0m
[ 20%] [32m[1mLinking CXX shared library libpolicy_translation__rosidl_typesupport_introspection_cpp.so[0m
[35m[1mScanning dependencies of target policy_translation__rosidl_typesupport_c[0m
[ 20%] [32m[1mLinking CXX shared library libpolicy_translation__rosidl_typesupport_cpp.so[0m
[ 21%] [32mBuilding CXX object CMakeFiles/policy_translation__rosidl_typesupport_c.dir/rosidl_typesupport_c/policy_translation/srv/tune_network__type_support.cpp.o[0m
[ 22%] [32mBuilding CXX object CMakeFiles/policy_translation__rosidl_typesupport_c.dir/rosidl_typesupport_c/policy_translation/srv/network_pt__type_support.cpp.o[0m
[ 23%] [32mBuilding CXX object CMakeFiles/policy_translation__rosidl_typesupport_c.dir/rosidl_typesupport_c/policy_translation/msg/dummy__type_support.cpp.o[0m
[ 23%] [32m[1mLinking CXX shared library libpolicy_translation__rosidl_typesupport_c.so[0m
[ 23%] [32m[1mLinking CXX shared library libpolicy_translation__rosidl_typesupport_fastrtps_cpp.so[0m
[ 23%] Built target policy_translation__rosidl_typesupport_introspection_cpp
INFO com.rti.ndds.nddsgen.Main Running rtiddsgen version 2.5.2, please wait ...
INFO com.rti.ndds.nddsgen.Main Done
[ 23%] Built target policy_translation__rosidl_typesupport_cpp
[ 23%] Built target policy_translation__rosidl_typesupport_c
INFO com.rti.ndds.nddsgen.Main Running rtiddsgen version 2.5.2, please wait ...
INFO com.rti.ndds.nddsgen.Main Done
[ 23%] Built target policy_translation__rosidl_typesupport_fastrtps_cpp
INFO com.rti.ndds.nddsgen.Main Running rtiddsgen version 2.5.2, please wait ...
INFO com.rti.ndds.nddsgen.Main Done
[35m[1mScanning dependencies of target policy_translation__rosidl_typesupport_connext_cpp[0m
[ 24%] [32mBuilding CXX object CMakeFiles/policy_translation__rosidl_typesupport_connext_cpp.dir/rosidl_typesupport_connext_cpp/policy_translation/srv/dds_connext/tune_network__type_support.cpp.o[0m
[ 24%] [32mBuilding CXX object CMakeFiles/policy_translation__rosidl_typesupport_connext_cpp.dir/rosidl_typesupport_connext_cpp/policy_translation/srv/dds_connext/network_pt__type_support.cpp.o[0m
[ 25%] [32mBuilding CXX object CMakeFiles/policy_translation__rosidl_typesupport_connext_cpp.dir/rosidl_typesupport_connext_cpp/policy_translation/msg/dds_connext/dummy__type_support.cpp.o[0m
[ 26%] [32mBuilding CXX object CMakeFiles/policy_translation__rosidl_typesupport_connext_cpp.dir/rosidl_typesupport_connext_cpp/policy_translation/srv/dds_connext/NetworkPT_.cxx.o[0m
[ 27%] [32mBuilding CXX object CMakeFiles/policy_translation__rosidl_typesupport_connext_cpp.dir/rosidl_typesupport_connext_cpp/policy_translation/srv/dds_connext/NetworkPT_Plugin.cxx.o[0m
[ 28%] [32mBuilding CXX object CMakeFiles/policy_translation__rosidl_typesupport_connext_cpp.dir/rosidl_typesupport_connext_cpp/policy_translation/srv/dds_connext/NetworkPT_Support.cxx.o[0m
[ 28%] [32mBuilding CXX object CMakeFiles/policy_translation__rosidl_typesupport_connext_cpp.dir/rosidl_typesupport_connext_cpp/policy_translation/srv/dds_connext/TuneNetwork_.cxx.o[0m
[ 29%] [32mBuilding CXX object CMakeFiles/policy_translation__rosidl_typesupport_connext_cpp.dir/rosidl_typesupport_connext_cpp/policy_translation/srv/dds_connext/TuneNetwork_Plugin.cxx.o[0m
[ 30%] [32mBuilding CXX object CMakeFiles/policy_translation__rosidl_typesupport_connext_cpp.dir/rosidl_typesupport_connext_cpp/policy_translation/srv/dds_connext/TuneNetwork_Support.cxx.o[0m
[ 31%] [32mBuilding CXX object CMakeFiles/policy_translation__rosidl_typesupport_connext_cpp.dir/rosidl_typesupport_connext_cpp/policy_translation/msg/dds_connext/Dummy_.cxx.o[0m
[ 32%] [32mBuilding CXX object CMakeFiles/policy_translation__rosidl_typesupport_connext_cpp.dir/rosidl_typesupport_connext_cpp/policy_translation/msg/dds_connext/Dummy_Plugin.cxx.o[0m
[ 32%] [32mBuilding CXX object CMakeFiles/policy_translation__rosidl_typesupport_connext_cpp.dir/rosidl_typesupport_connext_cpp/policy_translation/msg/dds_connext/Dummy_Support.cxx.o[0m
[ 33%] [32m[1mLinking CXX shared library libpolicy_translation__rosidl_typesupport_connext_cpp.so[0m
[ 34%] Built target policy_translation__rosidl_typesupport_connext_cpp
Makefile:140: recipe for target 'all' failed
make: *** [all] Error 2
