[0.018s] Invoking command in '/home/eyusd/ML/LanguagePolicies/ros2/build/policy_translation': CMAKE_PREFIX_PATH=${CMAKE_PREFIX_PATH}:/opt/ros/eloquent CONDA_PROMPT_MODIFIER=(ML) /usr/bin/cmake /home/eyusd/ML/LanguagePolicies/ros2/src/policy_translation -DCMAKE_INSTALL_PREFIX=/home/eyusd/ML/LanguagePolicies/ros2/install/policy_translation
[0.584s] -- The C compiler identification is GNU 7.5.0
[1.300s] -- The CXX compiler identification is GNU 7.5.0
[1.631s] -- Check for working C compiler: /usr/bin/cc
[2.013s] -- Check for working C compiler: /usr/bin/cc -- works
[2.013s] -- Detecting C compiler ABI info
[2.395s] -- Detecting C compiler ABI info - done
[2.399s] -- Detecting C compile features
[3.613s] -- Detecting C compile features - done
[3.615s] -- Check for working CXX compiler: /usr/bin/c++
[4.041s] -- Check for working CXX compiler: /usr/bin/c++ -- works
[4.041s] -- Detecting CXX compiler ABI info
[4.445s] -- Detecting CXX compiler ABI info - done
[4.449s] -- Detecting CXX compile features
[6.109s] -- Detecting CXX compile features - done
[6.111s] -- Found ament_cmake: 0.8.3 (/home/eyusd/ML/ros2-linux/share/ament_cmake/cmake)
[6.134s] -- Found PythonInterp: /home/eyusd/anaconda3/envs/ML/bin/python3 (found suitable version "3.6.13", minimum required is "3") 
[6.134s] -- Using PYTHON_EXECUTABLE: /home/eyusd/anaconda3/envs/ML/bin/python3
[6.297s] -- Found rosidl_default_generators: 0.8.0 (/home/eyusd/ML/ros2-linux/share/rosidl_default_generators/cmake)
[6.313s] -- Found RTI Connext: /opt/rti.com/rti_connext_dds-5.3.1
[7.329s] -- Found rosidl_adapter: 0.8.3 (/home/eyusd/ML/ros2-linux/share/rosidl_adapter/cmake)
[10.340s] -- Found OpenSSL: /home/eyusd/anaconda3/envs/ML/lib/libcrypto.so (found version "1.1.1n") 
[14.115s] -- Found FastRTPS: /home/eyusd/ML/ros2-linux/include  
[20.047s] -- Found PrismTech OpenSplice: /usr/share/opensplice/cmake
[20.071s] -- Found sensor_msgs: 0.8.1 (/home/eyusd/ML/ros2-linux/share/sensor_msgs/cmake)
[20.131s] -- Found PythonInterp: /home/eyusd/anaconda3/envs/ML/bin/python3 (found version "3.6.13") 
[20.351s] -- Using all available rosidl_typesupport_c: rosidl_typesupport_connext_c;rosidl_typesupport_fastrtps_c;rosidl_typesupport_introspection_c;rosidl_typesupport_opensplice_c
[20.409s] -- Using all available rosidl_typesupport_cpp: rosidl_typesupport_connext_cpp;rosidl_typesupport_fastrtps_cpp;rosidl_typesupport_introspection_cpp;rosidl_typesupport_opensplice_cpp
[33.498s] -- Found rmw_implementation_cmake: 0.8.1 (/home/eyusd/ML/ros2-linux/share/rmw_implementation_cmake/cmake)
[33.520s] -- Found PythonInterp: /home/eyusd/anaconda3/envs/ML/bin/python3 (found suitable version "3.6.13", minimum required is "3.5") 
[33.521s] -- Found python_cmake_module: 0.8.0 (/home/eyusd/ML/ros2-linux/share/python_cmake_module/cmake)
[33.548s] -- Found PythonLibs: /home/eyusd/anaconda3/envs/ML/lib/libpython3.6m.so (found suitable version "3.6.13", minimum required is "3.5") 
[33.548s] -- Using PYTHON_EXECUTABLE: /home/eyusd/anaconda3/envs/ML/bin/python3
[33.548s] -- Using PYTHON_INCLUDE_DIRS: /home/eyusd/anaconda3/envs/ML/include/python3.6m
[33.548s] -- Using PYTHON_LIBRARIES: /home/eyusd/anaconda3/envs/ML/lib/libpython3.6m.so
[33.570s] -- Found PythonExtra: .so  
[52.384s] -- Found ament_lint_auto: 0.8.2 (/home/eyusd/ML/ros2-linux/share/ament_lint_auto/cmake)
[52.403s] -- Added test 'lint_cmake' to check CMake code style
[52.403s] -- Added test 'xmllint' to check XML markup files
[52.408s] -- Configuring done
[52.671s] -- Generating done
[52.676s] -- Build files have been written to: /home/eyusd/ML/LanguagePolicies/ros2/build/policy_translation
[52.685s] Invoked command in '/home/eyusd/ML/LanguagePolicies/ros2/build/policy_translation' returned '0': CMAKE_PREFIX_PATH=${CMAKE_PREFIX_PATH}:/opt/ros/eloquent CONDA_PROMPT_MODIFIER=(ML) /usr/bin/cmake /home/eyusd/ML/LanguagePolicies/ros2/src/policy_translation -DCMAKE_INSTALL_PREFIX=/home/eyusd/ML/LanguagePolicies/ros2/install/policy_translation
[52.689s] Invoking command in '/home/eyusd/ML/LanguagePolicies/ros2/build/policy_translation': CMAKE_PREFIX_PATH=${CMAKE_PREFIX_PATH}:/opt/ros/eloquent CONDA_PROMPT_MODIFIER=(ML) /usr/bin/cmake --build /home/eyusd/ML/LanguagePolicies/ros2/build/policy_translation -- -j8 -l8
[52.731s] [35m[1mScanning dependencies of target policy_translation__cpp[0m
[52.732s] [  1%] [34m[1mGenerating C code for ROS interfaces[0m
[52.733s] [35m[1mScanning dependencies of target policy_translation__dds_connext_idl[0m
[52.734s] [35m[1mScanning dependencies of target policy_translation__dds_opensplice_idl[0m
[52.743s] [  1%] [34m[1mGenerating C++ code for ROS interfaces[0m
[52.745s] [  2%] [34m[1mGenerating DDS interfaces[0m
[52.745s] [  3%] [34m[1mGenerating DDS interfaces[0m
[53.312s] [  3%] Built target policy_translation__dds_connext_idl
[53.326s] [  3%] Built target policy_translation__dds_opensplice_idl
[53.401s] [  3%] Built target policy_translation__cpp
[53.414s] [  4%] [34m[1mGenerating C++ introspection for ROS interfaces[0m
[53.414s] [  5%] [34m[1mGenerating C++ type support for eProsima Fast-RTPS[0m
[53.417s] [  6%] [34m[1mGenerating C++ type support dispatch for ROS interfaces[0m
[53.417s] [  7%] [34m[1mGenerating C++ type support for RTI Connext (using '/opt/rti.com/rti_connext_dds-5.3.1/bin/rtiddsgen_server')[0m
[53.420s] [  7%] [34m[1mGenerating C++ type support for PrismTech OpenSplice[0m
[53.567s] [35m[1mScanning dependencies of target policy_translation__rosidl_generator_c[0m
[53.593s] [  9%] [32mBuilding C object CMakeFiles/policy_translation__rosidl_generator_c.dir/rosidl_generator_c/policy_translation/srv/tune_network__functions.c.o[0m
[53.593s] [  9%] [32mBuilding C object CMakeFiles/policy_translation__rosidl_generator_c.dir/rosidl_generator_c/policy_translation/srv/network_pt__functions.c.o[0m
[53.595s] [  9%] [32mBuilding C object CMakeFiles/policy_translation__rosidl_generator_c.dir/rosidl_generator_c/policy_translation/msg/dummy__functions.c.o[0m
[53.670s] [ 10%] [32m[1mLinking C shared library libpolicy_translation__rosidl_generator_c.so[0m
[54.235s] [35m[1mScanning dependencies of target policy_translation__rosidl_typesupport_introspection_cpp[0m
[54.263s] [35m[1mScanning dependencies of target policy_translation__rosidl_typesupport_cpp[0m
[54.266s] [ 11%] [32mBuilding CXX object CMakeFiles/policy_translation__rosidl_typesupport_introspection_cpp.dir/rosidl_typesupport_introspection_cpp/policy_translation/srv/tune_network__type_support.cpp.o[0m
[54.268s] [ 12%] [32mBuilding CXX object CMakeFiles/policy_translation__rosidl_typesupport_introspection_cpp.dir/rosidl_typesupport_introspection_cpp/policy_translation/srv/network_pt__type_support.cpp.o[0m
[54.283s] [ 12%] [32mBuilding CXX object CMakeFiles/policy_translation__rosidl_typesupport_introspection_cpp.dir/rosidl_typesupport_introspection_cpp/policy_translation/msg/dummy__type_support.cpp.o[0m
[54.283s] [ 12%] Built target policy_translation__rosidl_generator_c
[54.293s] [ 13%] [32mBuilding CXX object CMakeFiles/policy_translation__rosidl_typesupport_cpp.dir/rosidl_typesupport_cpp/policy_translation/srv/network_pt__type_support.cpp.o[0m
[54.299s] [35m[1mScanning dependencies of target policy_translation__rosidl_typesupport_fastrtps_cpp[0m
[54.304s] [ 14%] [34m[1mGenerating C type support dispatch for ROS interfaces[0m
[54.335s] [ 15%] [32mBuilding CXX object CMakeFiles/policy_translation__rosidl_typesupport_fastrtps_cpp.dir/rosidl_typesupport_fastrtps_cpp/policy_translation/srv/dds_fastrtps/network_pt__type_support.cpp.o[0m
[54.347s] "NetworkPT_.idl", line 5: can't find include file sensor_msgs/msg/dds_opensplice/Image_.idl
[54.347s] ***DDS parse error sensor_msgs undefined at line: 18 (searching from scope 'NetworkPT_Request_')
[54.356s] Traceback (most recent call last):
[54.357s]   File "/opt/ros/eloquent/lib/rosidl_typesupport_opensplice_cpp/rosidl_typesupport_opensplice_cpp", line 55, in <module>
[54.357s]     sys.exit(main())
[54.357s]   File "/opt/ros/eloquent/lib/rosidl_typesupport_opensplice_cpp/rosidl_typesupport_opensplice_cpp", line 50, in main
[54.357s]     args.idl_pp,
[54.357s]   File "/opt/ros/eloquent/lib/python3.6/site-packages/rosidl_typesupport_opensplice_cpp/__init__.py", line 74, in generate_dds_opensplice_cpp
[54.357s]     subprocess.check_call(cmd, cwd=folder)
[54.358s]   File "/home/eyusd/anaconda3/envs/ML/lib/python3.6/subprocess.py", line 311, in check_call
[54.358s]     raise CalledProcessError(retcode, cmd)
[54.358s] subprocess.CalledProcessError: Command '['/usr/bin/idlpp', '-I', '/home/eyusd/ML/LanguagePolicies/ros2/build/policy_translation/rosidl_generator_dds_idl', '-I', '/home/eyusd/ML/ros2-linux/share', '-I', '/usr/etc/opensplice/idlpp', '-S', '-l', 'cpp', '-N', '-d', '/home/eyusd/ML/LanguagePolicies/ros2/build/policy_translation/rosidl_typesupport_opensplice_cpp/policy_translation/srv/dds_opensplice', '-o', 'maintain-include-namespace', 'NetworkPT_.idl']' returned non-zero exit status 255.
[54.381s] CMakeFiles/policy_translation__rosidl_typesupport_opensplice_cpp.dir/build.make:163: recipe for target 'rosidl_typesupport_opensplice_cpp/policy_translation/srv/dds_opensplice/network_pt__type_support.cpp' failed
[54.381s] CMakeFiles/Makefile2:863: recipe for target 'CMakeFiles/policy_translation__rosidl_typesupport_opensplice_cpp.dir/all' failed
[54.381s] make[2]: *** [rosidl_typesupport_opensplice_cpp/policy_translation/srv/dds_opensplice/network_pt__type_support.cpp] Error 1
[54.382s] make[2]: *** Deleting file 'rosidl_typesupport_opensplice_cpp/policy_translation/srv/dds_opensplice/network_pt__type_support.cpp'
[54.382s] make[1]: *** [CMakeFiles/policy_translation__rosidl_typesupport_opensplice_cpp.dir/all] Error 2
[54.382s] make[1]: *** Waiting for unfinished jobs....
[54.397s] [ 16%] [32mBuilding CXX object CMakeFiles/policy_translation__rosidl_typesupport_cpp.dir/rosidl_typesupport_cpp/policy_translation/srv/tune_network__type_support.cpp.o[0m
[54.679s] [ 17%] [32mBuilding CXX object CMakeFiles/policy_translation__rosidl_typesupport_fastrtps_cpp.dir/rosidl_typesupport_fastrtps_cpp/policy_translation/srv/dds_fastrtps/tune_network__type_support.cpp.o[0m
[54.723s] [ 18%] [32mBuilding CXX object CMakeFiles/policy_translation__rosidl_typesupport_fastrtps_cpp.dir/rosidl_typesupport_fastrtps_cpp/policy_translation/msg/dds_fastrtps/dummy__type_support.cpp.o[0m
[54.728s] [ 19%] [32mBuilding CXX object CMakeFiles/policy_translation__rosidl_typesupport_cpp.dir/rosidl_typesupport_cpp/policy_translation/msg/dummy__type_support.cpp.o[0m
[54.799s] [ 20%] [32m[1mLinking CXX shared library libpolicy_translation__rosidl_typesupport_introspection_cpp.so[0m
[55.217s] [35m[1mScanning dependencies of target policy_translation__rosidl_typesupport_c[0m
[55.220s] [ 20%] [32m[1mLinking CXX shared library libpolicy_translation__rosidl_typesupport_cpp.so[0m
[55.252s] [ 21%] [32mBuilding CXX object CMakeFiles/policy_translation__rosidl_typesupport_c.dir/rosidl_typesupport_c/policy_translation/srv/tune_network__type_support.cpp.o[0m
[55.260s] [ 22%] [32mBuilding CXX object CMakeFiles/policy_translation__rosidl_typesupport_c.dir/rosidl_typesupport_c/policy_translation/srv/network_pt__type_support.cpp.o[0m
[55.277s] [ 23%] [32mBuilding CXX object CMakeFiles/policy_translation__rosidl_typesupport_c.dir/rosidl_typesupport_c/policy_translation/msg/dummy__type_support.cpp.o[0m
[55.351s] [ 23%] [32m[1mLinking CXX shared library libpolicy_translation__rosidl_typesupport_c.so[0m
[55.572s] [ 23%] [32m[1mLinking CXX shared library libpolicy_translation__rosidl_typesupport_fastrtps_cpp.so[0m
[55.706s] [ 23%] Built target policy_translation__rosidl_typesupport_introspection_cpp
[55.902s] INFO com.rti.ndds.nddsgen.Main Running rtiddsgen version 2.5.2, please wait ...
[55.902s] INFO com.rti.ndds.nddsgen.Main Done
[55.950s] [ 23%] Built target policy_translation__rosidl_typesupport_cpp
[56.200s] [ 23%] Built target policy_translation__rosidl_typesupport_c
[56.201s] INFO com.rti.ndds.nddsgen.Main Running rtiddsgen version 2.5.2, please wait ...
[56.201s] INFO com.rti.ndds.nddsgen.Main Done
[56.361s] [ 23%] Built target policy_translation__rosidl_typesupport_fastrtps_cpp
[56.403s] INFO com.rti.ndds.nddsgen.Main Running rtiddsgen version 2.5.2, please wait ...
[56.403s] INFO com.rti.ndds.nddsgen.Main Done
[56.510s] [35m[1mScanning dependencies of target policy_translation__rosidl_typesupport_connext_cpp[0m
[56.635s] [ 24%] [32mBuilding CXX object CMakeFiles/policy_translation__rosidl_typesupport_connext_cpp.dir/rosidl_typesupport_connext_cpp/policy_translation/srv/dds_connext/tune_network__type_support.cpp.o[0m
[56.637s] [ 24%] [32mBuilding CXX object CMakeFiles/policy_translation__rosidl_typesupport_connext_cpp.dir/rosidl_typesupport_connext_cpp/policy_translation/srv/dds_connext/network_pt__type_support.cpp.o[0m
[56.638s] [ 25%] [32mBuilding CXX object CMakeFiles/policy_translation__rosidl_typesupport_connext_cpp.dir/rosidl_typesupport_connext_cpp/policy_translation/msg/dds_connext/dummy__type_support.cpp.o[0m
[56.638s] [ 26%] [32mBuilding CXX object CMakeFiles/policy_translation__rosidl_typesupport_connext_cpp.dir/rosidl_typesupport_connext_cpp/policy_translation/srv/dds_connext/NetworkPT_.cxx.o[0m
[56.638s] [ 27%] [32mBuilding CXX object CMakeFiles/policy_translation__rosidl_typesupport_connext_cpp.dir/rosidl_typesupport_connext_cpp/policy_translation/srv/dds_connext/NetworkPT_Plugin.cxx.o[0m
[56.639s] [ 28%] [32mBuilding CXX object CMakeFiles/policy_translation__rosidl_typesupport_connext_cpp.dir/rosidl_typesupport_connext_cpp/policy_translation/srv/dds_connext/NetworkPT_Support.cxx.o[0m
[56.639s] [ 28%] [32mBuilding CXX object CMakeFiles/policy_translation__rosidl_typesupport_connext_cpp.dir/rosidl_typesupport_connext_cpp/policy_translation/srv/dds_connext/TuneNetwork_.cxx.o[0m
[56.648s] [ 29%] [32mBuilding CXX object CMakeFiles/policy_translation__rosidl_typesupport_connext_cpp.dir/rosidl_typesupport_connext_cpp/policy_translation/srv/dds_connext/TuneNetwork_Plugin.cxx.o[0m
[57.619s] [ 30%] [32mBuilding CXX object CMakeFiles/policy_translation__rosidl_typesupport_connext_cpp.dir/rosidl_typesupport_connext_cpp/policy_translation/srv/dds_connext/TuneNetwork_Support.cxx.o[0m
[57.721s] [ 31%] [32mBuilding CXX object CMakeFiles/policy_translation__rosidl_typesupport_connext_cpp.dir/rosidl_typesupport_connext_cpp/policy_translation/msg/dds_connext/Dummy_.cxx.o[0m
[57.722s] [ 32%] [32mBuilding CXX object CMakeFiles/policy_translation__rosidl_typesupport_connext_cpp.dir/rosidl_typesupport_connext_cpp/policy_translation/msg/dds_connext/Dummy_Plugin.cxx.o[0m
[57.931s] [ 32%] [32mBuilding CXX object CMakeFiles/policy_translation__rosidl_typesupport_connext_cpp.dir/rosidl_typesupport_connext_cpp/policy_translation/msg/dds_connext/Dummy_Support.cxx.o[0m
[58.658s] [ 33%] [32m[1mLinking CXX shared library libpolicy_translation__rosidl_typesupport_connext_cpp.so[0m
[59.458s] [ 34%] Built target policy_translation__rosidl_typesupport_connext_cpp
[59.459s] Makefile:140: recipe for target 'all' failed
[59.459s] make: *** [all] Error 2
[76.505s] Invoked command in '/home/eyusd/ML/LanguagePolicies/ros2/build/policy_translation' returned '2': CMAKE_PREFIX_PATH=${CMAKE_PREFIX_PATH}:/opt/ros/eloquent CONDA_PROMPT_MODIFIER=(ML) /usr/bin/cmake --build /home/eyusd/ML/LanguagePolicies/ros2/build/policy_translation -- -j8 -l8
