[0.029s] Invoking command in '/home/eyusd/ML/LanguagePolicies/ros2/build/policy_translation': CMAKE_PREFIX_PATH=${CMAKE_PREFIX_PATH}:/opt/ros/eloquent CONDA_PROMPT_MODIFIER=(ML) /usr/bin/cmake --build /home/eyusd/ML/LanguagePolicies/ros2/build/policy_translation -- -j8 -l8
[0.104s] [ 36%] Built target policy_translation__dds_opensplice_idl
[0.107s] [ 36%] Built target policy_translation__dds_connext_idl
[0.107s] [ 36%] Built target policy_translation__cpp
[0.115s] [ 36%] Built target policy_translation__rosidl_generator_c
[0.148s] [ 36%] [34m[1mGenerating C++ type support for PrismTech OpenSplice[0m
[0.193s] [ 36%] Built target policy_translation__rosidl_typesupport_introspection_cpp
[0.197s] [ 36%] Built target policy_translation__rosidl_typesupport_cpp
[0.207s] [ 36%] Built target policy_translation__rosidl_typesupport_fastrtps_cpp
[0.216s] [ 36%] Built target policy_translation__rosidl_typesupport_introspection_c
[0.216s] [ 36%] Built target policy_translation__rosidl_typesupport_c
[0.275s] [ 36%] Built target policy_translation__rosidl_typesupport_fastrtps_c
[0.281s] [ 36%] Built target policy_translation__rosidl_typesupport_connext_cpp
[0.399s] [ 36%] Built target policy_translation__rosidl_typesupport_connext_c
[1.085s] "NetworkPT_.idl", line 5: can't find include file sensor_msgs/msg/dds_opensplice/Image_.idl
[1.085s] ***DDS parse error sensor_msgs undefined at line: 18 (searching from scope 'NetworkPT_Request_')
[1.086s] Traceback (most recent call last):
[1.087s]   File "/opt/ros/eloquent/lib/rosidl_typesupport_opensplice_cpp/rosidl_typesupport_opensplice_cpp", line 55, in <module>
[1.087s]     sys.exit(main())
[1.087s]   File "/opt/ros/eloquent/lib/rosidl_typesupport_opensplice_cpp/rosidl_typesupport_opensplice_cpp", line 50, in main
[1.087s]     args.idl_pp,
[1.087s]   File "/opt/ros/eloquent/lib/python3.6/site-packages/rosidl_typesupport_opensplice_cpp/__init__.py", line 74, in generate_dds_opensplice_cpp
[1.088s]     subprocess.check_call(cmd, cwd=folder)
[1.088s]   File "/home/eyusd/anaconda3/envs/ML/lib/python3.6/subprocess.py", line 311, in check_call
[1.088s]     raise CalledProcessError(retcode, cmd)
[1.088s] subprocess.CalledProcessError: Command '['/usr/bin/idlpp', '-I', '/home/eyusd/ML/LanguagePolicies/ros2/build/policy_translation/rosidl_generator_dds_idl', '-I', '/home/eyusd/ML/ros2-linux/share', '-I', '/usr/etc/opensplice/idlpp', '-S', '-l', 'cpp', '-N', '-d', '/home/eyusd/ML/LanguagePolicies/ros2/build/policy_translation/rosidl_typesupport_opensplice_cpp/policy_translation/srv/dds_opensplice', '-o', 'maintain-include-namespace', 'NetworkPT_.idl']' returned non-zero exit status 255.
[1.108s] CMakeFiles/policy_translation__rosidl_typesupport_opensplice_cpp.dir/build.make:163: recipe for target 'rosidl_typesupport_opensplice_cpp/policy_translation/srv/dds_opensplice/network_pt__type_support.cpp' failed
[1.109s] CMakeFiles/Makefile2:863: recipe for target 'CMakeFiles/policy_translation__rosidl_typesupport_opensplice_cpp.dir/all' failed
[1.109s] Makefile:140: recipe for target 'all' failed
[1.109s] make[2]: *** [rosidl_typesupport_opensplice_cpp/policy_translation/srv/dds_opensplice/network_pt__type_support.cpp] Error 1
[1.109s] make[2]: *** Deleting file 'rosidl_typesupport_opensplice_cpp/policy_translation/srv/dds_opensplice/network_pt__type_support.cpp'
[1.109s] make[1]: *** [CMakeFiles/policy_translation__rosidl_typesupport_opensplice_cpp.dir/all] Error 2
[1.109s] make: *** [all] Error 2
[1.111s] Invoked command in '/home/eyusd/ML/LanguagePolicies/ros2/build/policy_translation' returned '2': CMAKE_PREFIX_PATH=${CMAKE_PREFIX_PATH}:/opt/ros/eloquent CONDA_PROMPT_MODIFIER=(ML) /usr/bin/cmake --build /home/eyusd/ML/LanguagePolicies/ros2/build/policy_translation -- -j8 -l8
