[0.020s] Invoking command in '/home/eyusd/ML/LanguagePolicies/ros2/build/policy_translation': CMAKE_PREFIX_PATH=${CMAKE_PREFIX_PATH}:/opt/ros/eloquent CONDA_PROMPT_MODIFIER=(ML) /usr/bin/cmake --build /home/eyusd/ML/LanguagePolicies/ros2/build/policy_translation -- -j8 -l8
[0.091s] [ 36%] Built target policy_translation__dds_connext_idl
[0.092s] [ 36%] Built target policy_translation__dds_opensplice_idl
[0.094s] [ 36%] Built target policy_translation__cpp
[0.098s] [ 36%] Built target policy_translation__rosidl_generator_c
[0.122s] [ 36%] [34m[1mGenerating C++ type support for PrismTech OpenSplice[0m
[0.145s] [ 36%] Built target policy_translation__rosidl_typesupport_c
[0.146s] [ 36%] Built target policy_translation__rosidl_typesupport_cpp
[0.146s] [ 36%] Built target policy_translation__rosidl_typesupport_introspection_cpp
[0.150s] [ 36%] Built target policy_translation__rosidl_typesupport_fastrtps_cpp
[0.151s] [ 36%] Built target policy_translation__rosidl_typesupport_introspection_c
[0.187s] [ 36%] Built target policy_translation__rosidl_typesupport_fastrtps_c
[0.190s] [ 36%] Built target policy_translation__rosidl_typesupport_connext_cpp
[0.253s] [ 36%] Built target policy_translation__rosidl_typesupport_connext_c
[0.613s] ***DDS parse error sensor_msgs undefined at line: 18 (searching from scope 'NetworkPT_Request_')
[0.613s] "NetworkPT_.idl", line 5: can't find include file sensor_msgs/msg/dds_opensplice/Image_.idl
[0.614s] Traceback (most recent call last):
[0.614s]   File "/opt/ros/eloquent/lib/rosidl_typesupport_opensplice_cpp/rosidl_typesupport_opensplice_cpp", line 55, in <module>
[0.614s]     sys.exit(main())
[0.615s]   File "/opt/ros/eloquent/lib/rosidl_typesupport_opensplice_cpp/rosidl_typesupport_opensplice_cpp", line 50, in main
[0.615s]     args.idl_pp,
[0.615s]   File "/opt/ros/eloquent/lib/python3.6/site-packages/rosidl_typesupport_opensplice_cpp/__init__.py", line 74, in generate_dds_opensplice_cpp
[0.615s]     subprocess.check_call(cmd, cwd=folder)
[0.615s]   File "/home/eyusd/anaconda3/envs/ML/lib/python3.6/subprocess.py", line 311, in check_call
[0.615s]     raise CalledProcessError(retcode, cmd)
[0.615s] subprocess.CalledProcessError: Command '['/usr/bin/idlpp', '-I', '/home/eyusd/ML/LanguagePolicies/ros2/build/policy_translation/rosidl_generator_dds_idl', '-I', '/home/eyusd/ML/ros2-linux/share', '-I', '/usr/etc/opensplice/idlpp', '-S', '-l', 'cpp', '-N', '-d', '/home/eyusd/ML/LanguagePolicies/ros2/build/policy_translation/rosidl_typesupport_opensplice_cpp/policy_translation/srv/dds_opensplice', '-o', 'maintain-include-namespace', 'NetworkPT_.idl']' returned non-zero exit status 255.
[0.632s] make[2]: *** [rosidl_typesupport_opensplice_cpp/policy_translation/srv/dds_opensplice/network_pt__type_support.cpp] Error 1
[0.632s] make[2]: *** Deleting file 'rosidl_typesupport_opensplice_cpp/policy_translation/srv/dds_opensplice/network_pt__type_support.cpp'
[0.632s] CMakeFiles/policy_translation__rosidl_typesupport_opensplice_cpp.dir/build.make:163: recipe for target 'rosidl_typesupport_opensplice_cpp/policy_translation/srv/dds_opensplice/network_pt__type_support.cpp' failed
[0.632s] CMakeFiles/Makefile2:863: recipe for target 'CMakeFiles/policy_translation__rosidl_typesupport_opensplice_cpp.dir/all' failed
[0.633s] make[1]: *** [CMakeFiles/policy_translation__rosidl_typesupport_opensplice_cpp.dir/all] Error 2
[0.633s] Makefile:140: recipe for target 'all' failed
[0.634s] make: *** [all] Error 2
[0.635s] Invoked command in '/home/eyusd/ML/LanguagePolicies/ros2/build/policy_translation' returned '2': CMAKE_PREFIX_PATH=${CMAKE_PREFIX_PATH}:/opt/ros/eloquent CONDA_PROMPT_MODIFIER=(ML) /usr/bin/cmake --build /home/eyusd/ML/LanguagePolicies/ros2/build/policy_translation -- -j8 -l8
