[0.028s] Invoking command in '/home/eyusd/ML/LanguagePolicies/ros2/build/policy_translation': /usr/bin/cmake --build /home/eyusd/ML/LanguagePolicies/ros2/build/policy_translation -- -j8 -l8
[0.256s] [  0%] Built target policy_translation__cpp
[0.256s] [  1%] Built target policy_translation__dds_opensplice_idl
[0.257s] [  2%] Built target policy_translation__dds_connext_idl
[0.279s] [  2%] [34m[1mGenerating C++ type support for PrismTech OpenSplice[0m
[0.284s] [  6%] Built target policy_translation__rosidl_generator_c
[0.309s] [ 10%] Built target policy_translation__rosidl_typesupport_cpp
[0.313s] [ 14%] Built target policy_translation__rosidl_typesupport_introspection_cpp
[0.319s] [ 18%] Built target policy_translation__rosidl_typesupport_fastrtps_cpp
[0.334s] [ 22%] Built target policy_translation__rosidl_typesupport_c
[0.334s] [ 26%] Built target policy_translation__rosidl_typesupport_introspection_c
[0.362s] [ 31%] Built target policy_translation__rosidl_typesupport_fastrtps_c
[0.370s] Traceback (most recent call last):
[0.370s]   File "/opt/ros/eloquent/lib/rosidl_typesupport_opensplice_cpp/rosidl_typesupport_opensplice_cpp", line 7, in <module>
[0.370s]     from rosidl_cmake import read_generator_arguments
[0.370s] ModuleNotFoundError: No module named 'rosidl_cmake'
[0.372s] [ 43%] Built target policy_translation__rosidl_typesupport_connext_cpp
[0.373s] make[2]: *** [rosidl_typesupport_opensplice_cpp/policy_translation/srv/dds_opensplice/network_pt__type_support.cpp] Error 1
[0.374s] CMakeFiles/policy_translation__rosidl_typesupport_opensplice_cpp.dir/build.make:163: recipe for target 'rosidl_typesupport_opensplice_cpp/policy_translation/srv/dds_opensplice/network_pt__type_support.cpp' failed
[0.374s] CMakeFiles/Makefile2:863: recipe for target 'CMakeFiles/policy_translation__rosidl_typesupport_opensplice_cpp.dir/all' failed
[0.374s] make[1]: *** [CMakeFiles/policy_translation__rosidl_typesupport_opensplice_cpp.dir/all] Error 2
[0.374s] make[1]: *** Waiting for unfinished jobs....
[0.438s] [ 56%] Built target policy_translation__rosidl_typesupport_connext_c
[0.438s] make: *** [all] Error 2
[0.439s] Makefile:140: recipe for target 'all' failed
[0.440s] Invoked command in '/home/eyusd/ML/LanguagePolicies/ros2/build/policy_translation' returned '2': /usr/bin/cmake --build /home/eyusd/ML/LanguagePolicies/ros2/build/policy_translation -- -j8 -l8
